<?xml version="1.0" encoding="UTF-8"?>
<!-- Generated by org.testng.reporters.JUnitReportReporter -->
<testsuite skipped="0" hostname="LAPTOP3" name="com.test.demo.LoginTest" tests="1" failures="0" timestamp="20 Oct 2018 16:08:59 GMT" time="222.254" errors="0">
  <testcase name="AmazonLogin" time="222.254" classname="com.test.demo.LoginTest"/>
</testsuite> <!-- com.test.demo.LoginTest -->
